  GameMap.cpp
D:\PlatformerGameSFML\PlatformerGameSFML\Sources\GameObject\GameMap.cpp(11,45): warning C4244: 'argument': conversion from 'int' to 'float', possible loss of data
D:\PlatformerGameSFML\PlatformerGameSFML\Sources\GameObject\GameMap.cpp(11,29): warning C4244: 'argument': conversion from 'int' to 'float', possible loss of data
D:\PlatformerGameSFML\PlatformerGameSFML\Sources\GameObject\GameMap.cpp(23,95): warning C4244: 'argument': conversion from 'int' to 'T', possible loss of data
          with
          [
              T=float
          ]
D:\PlatformerGameSFML\PlatformerGameSFML\Sources\GameObject\GameMap.cpp(23,79): warning C4244: 'argument': conversion from 'int' to 'T', possible loss of data
          with
          [
              T=float
          ]
D:\PlatformerGameSFML\PlatformerGameSFML\Sources\GameObject\GameMap.cpp(26,96): warning C4244: 'argument': conversion from 'int' to 'T', possible loss of data
          with
          [
              T=float
          ]
D:\PlatformerGameSFML\PlatformerGameSFML\Sources\GameObject\GameMap.cpp(26,80): warning C4244: 'argument': conversion from 'int' to 'T', possible loss of data
          with
          [
              T=float
          ]
D:\PlatformerGameSFML\PlatformerGameSFML\Sources\GameObject\GameMap.cpp(29,97): warning C4244: 'argument': conversion from 'int' to 'T', possible loss of data
          with
          [
              T=float
          ]
D:\PlatformerGameSFML\PlatformerGameSFML\Sources\GameObject\GameMap.cpp(29,81): warning C4244: 'argument': conversion from 'int' to 'T', possible loss of data
          with
          [
              T=float
          ]
  Player.cpp
  Generating Code...
  PlatformerGameSFML.vcxproj -> D:\PlatformerGameSFML\PlatformerGameSFML\x64\Debug\PlatformerGameSFML.exe
